<?xml version="1.0" encoding="UTF-8"?>
<!-- Generated by org.testng.reporters.JUnitXMLReporter -->
<testsuite ignored="0" hostname="QT-INBG-LT1853" failures="0" tests="3" name="Default test" time="0.092" errors="0" timestamp="2022-07-28T10:55:04 IST">
  <testcase classname="Kriti.QTAutomationBatch.ParameterizationDemo" name="test1" time="0.012"/>
  <testcase classname="Kriti.QTAutomationBatch.ParameterizationDemo" name="test2" time="0.002"/>
  <testcase classname="Kriti.QTAutomationBatch.ParameterizationDemo" name="test3" time="0.002"/>
</testsuite> <!-- Default test -->
