<?xml version="1.0" encoding="UTF-8"?>
<testng-results ignored="0" total="3" passed="3" failed="0" skipped="0">
  <reporter-output>
  </reporter-output>
  <suite started-at="2022-07-28T10:55:04 IST" name="Default suite" finished-at="2022-07-28T10:55:04 IST" duration-ms="92">
    <groups>
    </groups>
    <test started-at="2022-07-28T10:55:04 IST" name="Default test" finished-at="2022-07-28T10:55:04 IST" duration-ms="92">
      <class name="Kriti.QTAutomationBatch.ParameterizationDemo">
        <test-method signature="test1()[pri:0, instance:Kriti.QTAutomationBatch.ParameterizationDemo@51e69659]" started-at="2022-07-28T10:55:04 IST" name="test1" finished-at="2022-07-28T10:55:04 IST" duration-ms="12" status="PASS">
          <reporter-output>
          </reporter-output>
        </test-method> <!-- test1 -->
        <test-method signature="test2()[pri:0, instance:Kriti.QTAutomationBatch.ParameterizationDemo@51e69659]" started-at="2022-07-28T10:55:04 IST" name="test2" finished-at="2022-07-28T10:55:04 IST" duration-ms="2" status="PASS">
          <reporter-output>
          </reporter-output>
        </test-method> <!-- test2 -->
        <test-method signature="test3()[pri:0, instance:Kriti.QTAutomationBatch.ParameterizationDemo@51e69659]" started-at="2022-07-28T10:55:04 IST" name="test3" finished-at="2022-07-28T10:55:04 IST" duration-ms="2" status="PASS">
          <reporter-output>
          </reporter-output>
        </test-method> <!-- test3 -->
      </class> <!-- Kriti.QTAutomationBatch.ParameterizationDemo -->
    </test> <!-- Default test -->
  </suite> <!-- Default suite -->
</testng-results>
